0 info it worked if it ends with ok
1 verbose cli [ 'node', '/usr/local/bin/npm', 'run', 'build' ]
2 info using npm@3.7.5
3 info using node@v0.10.25
4 verbose node symlink /usr/bin/node
5 verbose run-script [ 'prebuild', 'build', 'postbuild' ]
6 info lifecycle dik-geocoder@1.0.0~prebuild: dik-geocoder@1.0.0
7 silly lifecycle dik-geocoder@1.0.0~prebuild: no script for prebuild, continuing
8 info lifecycle dik-geocoder@1.0.0~build: dik-geocoder@1.0.0
9 verbose lifecycle dik-geocoder@1.0.0~build: unsafe-perm in lifecycle true
10 verbose lifecycle dik-geocoder@1.0.0~build: PATH: /usr/local/lib/node_modules/npm/bin/node-gyp-bin:/home/diko/Modules/dik-geocoder/node_modules/.bin:/usr/bin:/home/diko/bin:/usr/local/sbin:/usr/local/bin:/usr/sbin:/usr/bin:/sbin:/bin:/usr/games:/usr/local/games:/home/diko/bin
11 verbose lifecycle dik-geocoder@1.0.0~build: CWD: /home/diko/Modules/dik-geocoder
12 silly lifecycle dik-geocoder@1.0.0~build: Args: [ '-c', './build.sh' ]
13 silly lifecycle dik-geocoder@1.0.0~build: Returned: code: 2  signal: null
14 info lifecycle dik-geocoder@1.0.0~build: Failed to exec build script
15 verbose stack Error: dik-geocoder@1.0.0 build: `./build.sh`
15 verbose stack Exit status 2
15 verbose stack     at EventEmitter.<anonymous> (/usr/local/lib/node_modules/npm/lib/utils/lifecycle.js:239:16)
15 verbose stack     at EventEmitter.emit (events.js:98:17)
15 verbose stack     at ChildProcess.<anonymous> (/usr/local/lib/node_modules/npm/lib/utils/spawn.js:24:14)
15 verbose stack     at ChildProcess.EventEmitter.emit (events.js:98:17)
15 verbose stack     at maybeClose (child_process.js:743:16)
15 verbose stack     at Process.ChildProcess._handle.onexit (child_process.js:810:5)
16 verbose pkgid dik-geocoder@1.0.0
17 verbose cwd /home/diko/Modules/dik-geocoder
18 error Linux 3.16.0-60-generic
19 error argv "node" "/usr/local/bin/npm" "run" "build"
20 error node v0.10.25
21 error npm  v3.7.5
22 error code ELIFECYCLE
23 error dik-geocoder@1.0.0 build: `./build.sh`
23 error Exit status 2
24 error Failed at the dik-geocoder@1.0.0 build script './build.sh'.
24 error Make sure you have the latest version of node.js and npm installed.
24 error If you do, this is most likely a problem with the dik-geocoder package,
24 error not with npm itself.
24 error Tell the author that this fails on your system:
24 error     ./build.sh
24 error You can get information on how to open an issue for this project with:
24 error     npm bugs dik-geocoder
24 error Or if that isn't available, you can get their info via:
24 error     npm owner ls dik-geocoder
24 error There is likely additional logging output above.
25 verbose exit [ 1, true ]
